<?xml version="1.0" encoding="UTF-8"?>
<!-- Generated by org.testng.reporters.JUnitReportReporter -->
<testsuite hostname="DESKTOP-RCD99JI" failures="0" tests="2" name="mytest.FirstProgram" time="5.207" errors="0" timestamp="26 Oct 2023 06:49:34 GMT" skipped="0">
  <testcase classname="mytest.FirstProgram" name="verifyTitle" time="2.323"/>
  <testcase classname="mytest.FirstProgram" name="verifyTitle1" time="2.884"/>
</testsuite> <!-- mytest.FirstProgram -->
